<?xml version="1.0" encoding="UTF-8"?>
<!-- Generated by org.testng.reporters.JUnitReportReporter -->
<testsuite hostname="DESKTOP-7AF760B" failures="0" tests="2" name="BasePageTestSetup.BasePageTest" time="1.081" errors="0" timestamp="2021-12-27T02:09:41 EST" skipped="0">
  <testcase classname="BasePageTestSetup.BasePageTest" name="click" time="0.930"/>
  <system-out/>
  <testcase classname="BasePageTestSetup.BasePageTest" name="teardown" time="0.151"/>
  <system-out/>
</testsuite> <!-- BasePageTestSetup.BasePageTest -->
