<?xml version="1.0" encoding="UTF-8"?>
<!-- Generated by org.testng.reporters.JUnitReportReporter -->
<testsuite hostname="DESKTOP-7AF760B" failures="0" tests="2" name="BasePageTestSetup.BaseTest" time="1.134" errors="0" timestamp="2021-12-28T03:03:03 EST" skipped="0">
  <testcase classname="BasePageTestSetup.BaseTest" name="teardown" time="0.134"/>
  <system-out/>
  <testcase classname="BasePageTestSetup.BaseTest" name="click" time="1.000"/>
  <system-out/>
</testsuite> <!-- BasePageTestSetup.BaseTest -->
