<?xml version="1.0" encoding="UTF-8"?>
<!-- Generated by org.testng.reporters.JUnitReportReporter -->
<testsuite hostname="DESKTOP-7AF760B" failures="0" tests="2" name="BasePageTestSetup.BaseTest" time="4.319" errors="0" timestamp="2021-12-28T03:04:42 EST" skipped="0">
  <testcase classname="BasePageTestSetup.BaseTest" name="teardown" time="4.135"/>
  <system-out/>
  <testcase classname="BasePageTestSetup.BaseTest" name="click" time="0.184"/>
  <system-out/>
</testsuite> <!-- BasePageTestSetup.BaseTest -->
